<?xml version="1.0" encoding="UTF-8"?>
<testsuite name="com.example.myapplication.logic.PasswordValidationsTest" tests="2" skipped="0" failures="0" errors="0" timestamp="2019-05-11T11:24:35" hostname="User-ПК" time="0.001">
  <properties/>
  <testcase name="validate_null_password" classname="com.example.myapplication.logic.PasswordValidationsTest" time="0.0"/>
  <testcase name="validate_6_leters_Passwrod" classname="com.example.myapplication.logic.PasswordValidationsTest" time="0.0"/>
  <system-out><![CDATA[]]></system-out>
  <system-err><![CDATA[]]></system-err>
</testsuite>
