<?xml version="1.0" encoding="UTF-8"?>
<testsuite name="com.example.myapplication.logic.AuthLogicTest" tests="1" skipped="0" failures="0" errors="0" timestamp="2019-05-11T11:24:35" hostname="User-ПК" time="0.024">
  <properties/>
  <testcase name="signIn" classname="com.example.myapplication.logic.AuthLogicTest" time="0.024"/>
  <system-out><![CDATA[]]></system-out>
  <system-err><![CDATA[]]></system-err>
</testsuite>
